<?xml version="1.0" encoding="UTF-8"?>
<!-- Generated by org.testng.reporters.JUnitReportReporter -->
<testsuite hostname="Abdallah" failures="0" tests="2" name="saucedemo" time="0.592" errors="0" timestamp="2024-10-09T16:17:27 IDT" skipped="0">
  <testcase classname="saucedemo" name="login" time="0.264"/>
  <system-out/>
  <testcase classname="saucedemo" name="AddItemToThecart" time="0.328"/>
  <system-out/>
</testsuite> <!-- saucedemo -->
